('print', -1)
('(', -1)
('const', [3, 0])
(')', -1)
(';', -1)
('int', -1)
('id', [49, 0])
(';', -1)
('read', -1)
('(', -1)
('id', [49, 0])
(')', -1)
(';', -1)
('int', -1)
('id', [5, 0])
('=', -1)
('-', -1)
('const', [50, 0])
('-', -1)
('const', [50, 0])
(';', -1)
('int', -1)
('id', [41, 0])
('=', -1)
('const', [48, 0])
(';', -1)
('int', -1)
('id', [34, 0])
(';', -1)
('while', -1)
('(', -1)
('id', [5, 0])
('<', -1)
('=', -1)
('id', [49, 0])
(')', -1)
('{', -1)
('print', -1)
('(', -1)
('const', [23, 0])
(')', -1)
(';', -1)
('read', -1)
('(', -1)
('id', [34, 0])
(')', -1)
(';', -1)
('id', [41, 0])
('=', -1)
('id', [41, 0])
('+', -1)
('id', [34, 0])
(';', -1)
('id', [5, 0])
('=', -1)
('id', [5, 0])
('+', -1)
('const', [49, 0])
(';', -1)
('}', -1)
('print', -1)
('(', -1)
('const', [4, 0])
(')', -1)
(';', -1)
('print', -1)
('(', -1)
('id', [41, 0])
(')', -1)
(';', -1)
